number,value,datetime_start,datetime_complete,duration,params_batch_size,params_epochs,params_infer_threshold,params_learning_rate,params_minority_weight,params_weight_decay,state
0,0.3236190978037601,2024-11-20 01:11:58,2024-11-20 01:21:48,0 days 00:09:50,128,32,0.13693543790751914,0.007608481233714793,2.1740471265369044,1.0007903854383775e-05,COMPLETE
1,0.5487368033057672,2024-11-20 01:21:48,2024-11-20 01:35:31,0 days 00:13:43,64,42,0.3740878001587038,0.00024112537061475754,4.353556115226358,0.00015498955191377127,COMPLETE
2,0.5130815132731289,2024-11-20 01:35:31,2024-11-20 01:48:22,0 days 00:12:51,64,47,0.32347593137830066,0.032543911150884876,4.338438418937016,1.2082666253305453e-05,COMPLETE
3,0.5221584431292552,2024-11-20 01:48:23,2024-11-20 02:00:39,0 days 00:12:16,64,59,0.3769290462677256,6.200203677164716e-05,3.5073934252739427,0.0025248390936171007,COMPLETE
4,0.5247110364138771,2024-11-20 02:00:40,2024-11-20 02:09:47,0 days 00:09:07,256,21,0.4512570013717653,0.03788145521097119,2.358643356516551,1.7994203765849863e-05,COMPLETE
5,0.5198764985499188,2024-11-20 02:09:48,2024-11-20 02:22:23,0 days 00:12:35,32,41,0.2262062524024252,0.00048353787772855095,6.535016911603787,0.007475987911298647,COMPLETE
6,0.5443553110595205,2024-11-20 02:22:23,2024-11-20 02:38:59,0 days 00:16:36,192,50,0.3992662617519358,0.021802318892988535,8.910888711251957,1.1346576147006595e-05,COMPLETE
7,0.5942374184239274,2024-11-20 02:39:00,2024-11-20 03:00:11,0 days 00:21:11,96,38,0.2174456593494718,0.014358772473434613,8.268764024744765,2.0402247877617882e-05,COMPLETE
8,0.34219725113344157,2024-11-20 03:00:12,2024-11-20 03:08:11,0 days 00:07:59,96,47,0.2062186637488905,3.31218273062551e-05,2.6930249280004723,1.1431438220548768e-05,COMPLETE
9,0.5224580702204839,2024-11-20 03:08:11,2024-11-20 03:19:40,0 days 00:11:29,128,26,0.37990334400837245,1.634745612637677e-05,5.714444295226274,0.0005276583516949844,COMPLETE
10,0.5882238285310695,2024-11-20 03:19:40,2024-11-20 03:35:21,0 days 00:15:41,192,33,0.23962587386776388,0.0029397229702041393,8.553333409041336,7.232875632937843e-05,COMPLETE
11,0.5866096263662144,2024-11-20 03:35:21,2024-11-20 03:50:38,0 days 00:15:17,192,33,0.2409587590992693,0.0031263283524616972,8.971775674650628,6.357233217042148e-05,COMPLETE
12,0.5120442646009062,2024-11-20 03:50:39,2024-11-20 03:59:21,0 days 00:08:42,192,34,0.14928918131594743,0.0022408841429666024,7.402851052822021,5.2721854879074294e-05,COMPLETE
13,0.5821051968228973,2024-11-20 03:59:22,2024-11-20 04:14:16,0 days 00:14:54,256,37,0.28121549256016815,0.005949033547571841,7.58774981484182,5.146425359368909e-05,COMPLETE
14,0.4256300448292388,2024-11-20 04:14:16,2024-11-20 04:25:01,0 days 00:10:45,160,28,0.10251826977077477,0.07737028245840578,7.502655012372504,0.0003229676145892653,COMPLETE
15,0.45481705609129736,2024-11-20 04:25:01,2024-11-20 04:33:44,0 days 00:08:43,160,27,0.18896184109651715,0.0009307459439664183,5.965532574130174,0.00013420513304534452,COMPLETE
16,0.5829148495171761,2024-11-20 04:33:44,2024-11-20 04:47:56,0 days 00:14:12,224,39,0.3086215061652268,0.009416696069012345,8.044312496654687,2.8904810093852584e-05,COMPLETE
17,0.5548429814994309,2024-11-20 04:47:56,2024-11-20 04:59:51,0 days 00:11:55,96,21,0.26512987658843057,0.0001765048041932794,6.535628696837875,0.0008768357637422684,COMPLETE
18,0.5932351932171658,2024-11-20 04:59:51,2024-11-20 05:18:59,0 days 00:19:08,224,52,0.17801447078827845,0.0019340454517373454,8.264667839250318,0.00012649707704228357,COMPLETE
19,0.15945826759942508,2024-11-20 05:19:00,2024-11-20 05:27:00,0 days 00:08:00,224,52,0.16983827631023357,0.0009232397440849174,1.084247348334621,0.00015188499663894953,COMPLETE
20,0.39600578630267913,2024-11-20 05:27:01,2024-11-20 05:44:27,0 days 00:17:26,32,58,0.10574311230600902,0.015359512413840846,6.656575426501995,0.001258622820914651,COMPLETE
21,0.5872385434066668,2024-11-20 05:44:27,2024-11-20 05:58:40,0 days 00:14:13,224,45,0.23589649486953831,0.0032278195269239925,8.30786173922882,8.114940633264039e-05,COMPLETE
22,0.5973906644175283,2024-11-20 05:58:40,2024-11-20 06:21:11,0 days 00:22:31,160,54,0.20113575999254182,0.001971059028544423,8.282749928198907,3.3543635994325225e-05,COMPLETE
23,0.5340548414862066,2024-11-20 06:21:11,2024-11-20 06:31:45,0 days 00:10:34,96,54,0.18634837038956942,0.0012619919079295968,7.194178467430542,2.2698513592954747e-05,COMPLETE
24,0.5795481206123819,2024-11-20 06:31:45,2024-11-20 06:46:19,0 days 00:14:34,128,54,0.1722832604234989,0.00033150402404781993,8.018334546348488,2.904652463955394e-05,COMPLETE
25,0.5278442939907879,2024-11-20 06:46:19,2024-11-20 06:58:59,0 days 00:12:40,160,56,0.14392361798516085,0.09757492793345507,6.905261998148711,3.6122942404747905e-05,COMPLETE
26,0.4325010791625809,2024-11-20 06:58:59,2024-11-20 07:08:40,0 days 00:09:41,96,44,0.2105117013184593,0.00010338716415172679,5.573424303889543,0.000224711701289101,COMPLETE
27,0.5897128423480101,2024-11-20 07:08:41,2024-11-20 07:22:05,0 days 00:13:24,160,50,0.2676710947012641,0.0006436780125468054,7.946520178035026,0.00010646983481257708,COMPLETE
28,0.5288401071607333,2024-11-20 07:22:05,2024-11-20 07:32:56,0 days 00:10:51,256,38,0.3291514466995938,0.0017909898609066851,8.495787896768814,4.0575409325544315e-05,COMPLETE
29,0.385003340721907,2024-11-20 07:32:56,2024-11-20 07:41:45,0 days 00:08:49,128,60,0.12956478897665114,0.006814384782229541,4.884273988871593,1.9362129061742855e-05,COMPLETE
30,0.5536722012611403,2024-11-20 07:41:45,2024-11-20 07:53:19,0 days 00:11:34,224,36,0.1603703928058769,0.01304039525766096,7.774134580078085,0.0002631923375660869,COMPLETE
31,0.536124487961285,2024-11-20 07:53:19,2024-11-20 08:04:13,0 days 00:10:54,160,49,0.28567377748826017,0.0005716349041532923,8.397799510040324,9.967957058576774e-05,COMPLETE
32,0.5906311337795256,2024-11-20 08:04:14,2024-11-20 08:16:51,0 days 00:12:37,160,51,0.26305899841441477,0.0005934967169752103,7.923008565047235,9.987588660214276e-05,COMPLETE
33,0.5908671505860774,2024-11-20 08:16:52,2024-11-20 08:38:31,0 days 00:21:39,64,56,0.21220063859411611,0.004669114000399391,8.865392654841294,0.00018698277764553863,COMPLETE
34,0.5916168323258837,2024-11-20 08:38:32,2024-11-20 08:59:40,0 days 00:21:08,64,56,0.20164642369752966,0.004044138036759976,8.78022940713762,0.00047857166899130035,COMPLETE
